<?xml version="1.0" encoding="UTF-8"?>
<!-- Generated by org.testng.reporters.JUnitReportReporter -->
<testsuite hostname="DESKTOP-86ARRG9" failures="0" tests="4" name="TestNG.DataDriven" time="0.009" errors="0" timestamp="2021-01-01T17:49:35 CET" skipped="1">
  <testcase classname="TestNG.DataDriven" name="f" time="0.001"/>
  <system-out/>
  <testcase classname="TestNG.DataDriven" name="userLoginTest" time="0.000">
    <skipped/>
  </testcase> <!-- userLoginTest -->
  <system-out/>
  <testcase classname="TestNG.DataDriven" name="f" time="0.007"/>
  <system-out/>
  <testcase classname="TestNG.DataDriven" name="f" time="0.001"/>
  <system-out/>
</testsuite> <!-- TestNG.DataDriven -->
