<?xml version="1.0" encoding="UTF-8"?>
<!-- Generated by org.testng.reporters.JUnitReportReporter -->
<testsuite hostname="DESKTOP-8S3PTKP" failures="0" tests="3" name="TestNG.RandomTests" time="0.023" errors="0" timestamp="2021-01-02T09:27:57 CET" skipped="1">
  <testcase classname="TestNG.RandomTests" name="expectedException_TestNG" time="0.012"/>
  <system-out/>
  <testcase classname="TestNG.RandomTests" name="timeOut_TestNG" time="0.011"/>
  <system-out/>
  <testcase classname="TestNG.RandomTests" name="ignoreTest_TestNG">
    <skipped/>
  </testcase> <!-- ignoreTest_TestNG -->
  <system-out/>
</testsuite> <!-- TestNG.RandomTests -->
