<?xml version="1.0" encoding="UTF-8"?>
<!-- Generated by org.testng.reporters.JUnitReportReporter -->
<testsuite hostname="DESKTOP-8S3PTKP" failures="0" tests="2" name="TestNG.DependencyTest" time="0.004" errors="0" timestamp="2021-01-02T09:27:57 CET" skipped="0">
  <testcase classname="TestNG.DependencyTest" name="searchByCompanyName" time="0.002"/>
  <system-out/>
  <testcase classname="TestNG.DependencyTest" name="stopSearchByCompanyName" time="0.002"/>
  <system-out/>
</testsuite> <!-- TestNG.DependencyTest -->
