<?xml version="1.0" encoding="UTF-8"?>
<!-- Generated by org.testng.reporters.JUnitReportReporter -->
<testsuite hostname="DESKTOP-86ARRG9" failures="0" tests="1" name="TestNG.MyFirstTest" time="0.008" errors="0" timestamp="2020-12-30T09:19:28 CET" skipped="0">
  <testcase classname="TestNG.MyFirstTest" name="f" time="0.008"/>
  <system-out/>
</testsuite> <!-- TestNG.MyFirstTest -->
